<?xml version="1.0" encoding="UTF-8"?>
<!-- Generated by org.testng.reporters.JUnitReportReporter -->
<testsuite skipped="0" hostname="Yashwant" name="qsp.ActiTimeInvalidLogin" tests="1" failures="0" timestamp="14 Jul 2017 14:02:06 GMT" time="8.854" errors="0">
  <testcase name="testingInvalidLogin" time="8.854" classname="qsp.ActiTimeInvalidLogin"/>
</testsuite> <!-- qsp.ActiTimeInvalidLogin -->
